2024-03-17T00:33:09+00:00 DEBUG POST: https://ads.tiktok.com/marketing_api/api/developer/app/create_auto_approve/

{"business_platform":"PROD","smb_id":"tt4b_woocommerce_65f63a45ede87httplocalhostwordpresswp-admin","smb_name":"PROD","redirect_url":"http:\/\/localhost\/wordpress\/wp-admin\/"}
 ajax: no
2024-03-17T00:33:11+00:00 DEBUG Tt4b_Mapi_Class::create_open_source_app: Response: 

HTTP/1.1 200 OK
Content-Type: application/json
X-Tt-Logid: 20240316233025F7922CDC21D75B9DA083,20240316233025F7922CDC21D75B9DA083
Strict-Transport-Security: max-age=31536000; includeSubDomains
Server-Timing: inner; dur=173
x-tt-trace-host: 015af78a9c110cf1dce5719dd2f33eb7e26e586e241e65ec96c1bd2051c2613ae4057a959b7b348c265ea910a26fdc7c6fb7251a4a8dd32f407fb3a88a218676814c5842c33cabe1a822f6c11b287a9bc7c021787811cebfb211c547ee0d886122
x-tt-trace-id: 00-240316233025F7922CDC21D75B9DA083-6ABD05936B9DE95E-00
Server: TLB
Content-Encoding: gzip
Date: Sat, 16 Mar 2024 23:30:26 GMT
Content-Length: 208
X-Cache: TCP_MISS from a209-148-204-118.deploy.akamaitechnologies.com (AkamaiGHost/11.4.3-54726453) (-)
Connection: close
Vary: Accept-Encoding
x-tt-trace-tag: id=16;cdn-cache=miss;type=dyn
Server-Timing: cdn-cache; desc=MISS, edge; dur=4, origin; dur=1174
X-Origin-Response-Time: 1174,209.148.204.118
X-Akamai-Request-ID: 1a1fc612

{"code":0,"msg":"ok","data":{"app_secret":"8aa4223dcc80f294e6356e5718daf6e1fa640359","redirect_uri":"http:\/\/localhost\/wordpress\/wp-admin\/","app_id":"7347107750641401857","external_data_key":"7bb4ab64-bddb-4a01-b4bb-8e42abac6242"}}

